<?xml version="1.0" encoding="UTF-8"?>
<!-- Generated by org.testng.reporters.JUnitReportReporter -->
<testsuite skipped="0" hostname="LAPTOP-6MSCEI0L" name="SeleniumTesting.Selenium.AppTest" tests="1" failures="0" timestamp="18 Mar 2019 17:32:23 GMT" time="1369.692" errors="0">
  <testcase name="testEasy" time="1369.692" classname="SeleniumTesting.Selenium.AppTest"/>
</testsuite> <!-- SeleniumTesting.Selenium.AppTest -->
